<?xml version="1.0" encoding="UTF-8"?>
<!-- Generated by org.testng.reporters.JUnitReportReporter -->
<testsuite skipped="0" hostname="MX-IT00232" name="testCases.TestCase4" tests="1" failures="0" timestamp="2020-05-13T18:45:14 CDT" time="4.401" errors="0">
  <testcase name="testCase4" time="4.401" classname="testCases.TestCase4"/>
  <system-out/>
</testsuite> <!-- testCases.TestCase4 -->
