<?xml version="1.0" encoding="UTF-8"?>
<!-- Generated by org.testng.reporters.JUnitReportReporter -->
<testsuite skipped="0" hostname="MX-IT00232" name="testCases.TestCase3" tests="1" failures="0" timestamp="2020-05-13T18:45:14 CDT" time="9.108" errors="0">
  <testcase name="testCase3" time="9.108" classname="testCases.TestCase3"/>
  <system-out/>
</testsuite> <!-- testCases.TestCase3 -->
