<?xml version="1.0" encoding="UTF-8"?>
<!-- Generated by org.testng.reporters.JUnitReportReporter -->
<testsuite skipped="0" hostname="MX-IT00232" name="testCases.TestCase2" tests="1" failures="0" timestamp="2020-05-13T18:45:14 CDT" time="1.624" errors="0">
  <testcase name="testCase2" time="1.624" classname="testCases.TestCase2"/>
  <system-out/>
</testsuite> <!-- testCases.TestCase2 -->
