<?xml version="1.0" encoding="UTF-8"?>
<!-- Generated by org.testng.reporters.JUnitReportReporter -->
<testsuite skipped="0" hostname="MX-IT00232" name="testCases.TestCase1" tests="1" failures="0" timestamp="2020-05-13T18:45:14 CDT" time="0.623" errors="0">
  <testcase name="testCase1" time="0.623" classname="testCases.TestCase1"/>
  <system-out/>
</testsuite> <!-- testCases.TestCase1 -->
