<?xml version="1.0" encoding="UTF-8"?>
<!-- Generated by org.testng.reporters.JUnitReportReporter -->
<testsuite skipped="0" hostname="MX-IT00232" name="testCases.TestCases" tests="4" failures="0" timestamp="2020-05-13T15:23:44 CDT" time="12.094" errors="0">
  <testcase name="testCase1" time="0.623" classname="testCases.TestCases"/>
  <system-out/>
  <testcase name="testCase3" time="4.497" classname="testCases.TestCases"/>
  <system-out/>
  <testcase name="testCase4" time="5.363" classname="testCases.TestCases"/>
  <system-out/>
  <testcase name="testCase2" time="1.611" classname="testCases.TestCases"/>
  <system-out/>
</testsuite> <!-- testCases.TestCases -->
